<?xml version="1.0" encoding="UTF-8"?><testrun name="JUnit_ACH_Tester" project="TMH_Tester_JUnit1" tests="1" started="1" failures="0" errors="1" ignored="0">
  <testsuite name="utc.tmh.tester.JUnit_ACH_Tester" time="0.007">
    <testcase name="runTest" classname="utc.tmh.tester.JUnit_ACH_Tester" time="0.007">
      <error>java.io.IOException: Cannot run program "C:\rfhUtil\ih03_RFHutil\mqput2c.exe": CreateProcess error=2, The system cannot find the file specified.
	at java.lang.ProcessBuilder.processException(ProcessBuilder.java:495)
	at java.lang.ProcessBuilder.start(ProcessBuilder.java:474)
	at java.lang.Runtime.exec(Runtime.java:604)
	at java.lang.Runtime.exec(Runtime.java:442)
	at java.lang.Runtime.exec(Runtime.java:339)
	at utc.tmh.tester.Runner_TMH_Tester.main(Runner_TMH_Tester.java:107)
	at utc.tmh.tester.JUnit_ACH_Tester.runTest(JUnit_ACH_Tester.java:168)
	at sun.reflect.NativeMethodAccessorImpl.invoke0(Native Method)
	at sun.reflect.NativeMethodAccessorImpl.invoke(NativeMethodAccessorImpl.java:60)
	at sun.reflect.DelegatingMethodAccessorImpl.invoke(DelegatingMethodAccessorImpl.java:37)
	at java.lang.reflect.Method.invoke(Method.java:611)
	at org.junit.runners.model.FrameworkMethod$1.runReflectiveCall(FrameworkMethod.java:50)
	at org.junit.internal.runners.model.ReflectiveCallable.run(ReflectiveCallable.java:12)
	at org.junit.runners.model.FrameworkMethod.invokeExplosively(FrameworkMethod.java:47)
	at org.junit.internal.runners.statements.InvokeMethod.evaluate(InvokeMethod.java:17)
	at org.junit.internal.runners.statements.RunBefores.evaluate(RunBefores.java:26)
	at org.junit.internal.runners.statements.RunAfters.evaluate(RunAfters.java:27)
	at org.junit.runners.ParentRunner.runLeaf(ParentRunner.java:325)
	at org.junit.runners.BlockJUnit4ClassRunner.runChild(BlockJUnit4ClassRunner.java:78)
	at org.junit.runners.BlockJUnit4ClassRunner.runChild(BlockJUnit4ClassRunner.java:57)
	at org.junit.runners.ParentRunner$3.run(ParentRunner.java:290)
	at org.junit.runners.ParentRunner$1.schedule(ParentRunner.java:71)
	at org.junit.runners.ParentRunner.runChildren(ParentRunner.java:288)
	at org.junit.runners.ParentRunner.access$000(ParentRunner.java:58)
	at org.junit.runners.ParentRunner$2.evaluate(ParentRunner.java:268)
	at org.junit.runners.ParentRunner.run(ParentRunner.java:363)
	at org.eclipse.jdt.internal.junit4.runner.JUnit4TestReference.run(JUnit4TestReference.java:45)
	at org.eclipse.jdt.internal.junit.runner.TestExecution.run(TestExecution.java:38)
	at org.eclipse.jdt.internal.junit.runner.RemoteTestRunner.runTests(RemoteTestRunner.java:460)
	at org.eclipse.jdt.internal.junit.runner.RemoteTestRunner.runTests(RemoteTestRunner.java:673)
	at org.eclipse.jdt.internal.junit.runner.RemoteTestRunner.run(RemoteTestRunner.java:386)
	at org.eclipse.jdt.internal.junit.runner.RemoteTestRunner.main(RemoteTestRunner.java:196)
Caused by: java.io.IOException: CreateProcess error=2, The system cannot find the file specified.
	at java.lang.ProcessImpl.create(Native Method)
	at java.lang.ProcessImpl.&lt;init&gt;(ProcessImpl.java:284)
	at java.lang.ProcessImpl.start(ProcessImpl.java:42)
	at java.lang.ProcessBuilder.start(ProcessBuilder.java:469)
	... 30 more

</error>
    </testcase>
  </testsuite>
</testrun>